# JRE version: 7.0_25-b17
# Java VM: Java HotSpot(TM) Client VM (23.25-b01 mixed mode windows-x86 )
Heap
 def new generation   total 9792K, used 9220K [0x03db0000, 0x04840000, 0x0e850000)
  eden space 8768K,  99% used [0x03db0000, 0x0462ca30, 0x04640000)
  from space 1024K,  51% used [0x04640000, 0x046c48a0, 0x04740000)
  to   space 1024K,   0% used [0x04740000, 0x04740000, 0x04840000)
 tenured generation   total 21488K, used 16922K [0x0e850000, 0x0fd4c000, 0x23db0000)
   the space 21488K,  78% used [0x0e850000, 0x0f8d6880, 0x0f8d6a00, 0x0fd4c000)
 compacting perm gen  total 28672K, used 28524K [0x23db0000, 0x259b0000, 0x27db0000)
   the space 28672K,  99% used [0x23db0000, 0x2598b3b8, 0x2598b400, 0x259b0000)
GC Heap History (10 events):
Event: 60.106 GC heap before
{Heap before GC invocations=74 (full 4):
 def new generation   total 9792K, used 9791K [0x03db0000, 0x04840000, 0x0e850000)
  eden space 8768K, 100% used [0x03db0000, 0x04640000, 0x04640000)
  from space 1024K,  99% used [0x04740000, 0x0483fff8, 0x04840000)
  to   space 1024K,   0% used [0x04640000, 0x04640000, 0x04740000)
 tenured generation   total 21488K, used 13145K [0x0e850000, 0x0fd4c000, 0x23db0000)
   the space 21488K,  61% used [0x0e850000, 0x0f526488, 0x0f526600, 0x0fd4c000)
 compacting perm gen  total 27136K, used 26943K [0x23db0000, 0x25830000, 0x27db0000)
   the space 27136K,  99% used [0x23db0000, 0x257ffc80, 0x257ffe00, 0x25830000)
No shared spaces configured.
Event: 60.112 GC heap after
Heap after GC invocations=75 (full 4):
 def new generation   total 9792K, used 1024K [0x03db0000, 0x04840000, 0x0e850000)
  eden space 8768K,   0% used [0x03db0000, 0x03db0000, 0x04640000)
  from space 1024K, 100% used [0x04640000, 0x04740000, 0x04740000)
  to   space 1024K,   0% used [0x04740000, 0x04740000, 0x04840000)
 tenured generation   total 21488K, used 14111K [0x0e850000, 0x0fd4c000, 0x23db0000)
   the space 21488K,  65% used [0x0e850000, 0x0f617d30, 0x0f617e00, 0x0fd4c000)
 compacting perm gen  total 27136K, used 26943K [0x23db0000, 0x25830000, 0x27db0000)
   the space 27136K,  99% used [0x23db0000, 0x257ffc80, 0x257ffe00, 0x25830000)
No shared spaces configured.
}
Event: 61.523 GC heap before
{Heap before GC invocations=75 (full 4):
 def new generation   total 9792K, used 9792K [0x03db0000, 0x04840000, 0x0e850000)
  eden space 8768K, 100% used [0x03db0000, 0x04640000, 0x04640000)
  from space 1024K, 100% used [0x04640000, 0x04740000, 0x04740000)
  to   space 1024K,   0% used [0x04740000, 0x04740000, 0x04840000)
 tenured generation   total 21488K, used 14111K [0x0e850000, 0x0fd4c000, 0x23db0000)
   the space 21488K,  65% used [0x0e850000, 0x0f617d30, 0x0f617e00, 0x0fd4c000)
 compacting perm gen  total 27392K, used 27221K [0x23db0000, 0x25870000, 0x27db0000)
   the space 27392K,  99% used [0x23db0000, 0x25845528, 0x25845600, 0x25870000)
No shared spaces configured.
Event: 61.539 GC heap after
Heap after GC invocations=76 (full 4):
 def new generation   total 9792K, used 1024K [0x03db0000, 0x04840000, 0x0e850000)
  eden space 8768K,   0% used [0x03db0000, 0x03db0000, 0x04640000)
  from space 1024K, 100% used [0x04740000, 0x04840000, 0x04840000)
  to   space 1024K,   0% used [0x04640000, 0x04640000, 0x04740000)
 tenured generation   total 21488K, used 15297K [0x0e850000, 0x0fd4c000, 0x23db0000)
   the space 21488K,  71% used [0x0e850000, 0x0f740720, 0x0f740800, 0x0fd4c000)
 compacting perm gen  total 27392K, used 27221K [0x23db0000, 0x25870000, 0x27db0000)
   the space 27392K,  99% used [0x23db0000, 0x25845528, 0x25845600, 0x25870000)
No shared spaces configured.
}
Event: 62.344 GC heap before
{Heap before GC invocations=76 (full 4):
 def new generation   total 9792K, used 9792K [0x03db0000, 0x04840000, 0x0e850000)
  eden space 8768K, 100% used [0x03db0000, 0x04640000, 0x04640000)
  from space 1024K, 100% used [0x04740000, 0x04840000, 0x04840000)
  to   space 1024K,   0% used [0x04640000, 0x04640000, 0x04740000)
 tenured generation   total 21488K, used 15297K [0x0e850000, 0x0fd4c000, 0x23db0000)
   the space 21488K,  71% used [0x0e850000, 0x0f740720, 0x0f740800, 0x0fd4c000)
 compacting perm gen  total 27648K, used 27625K [0x23db0000, 0x258b0000, 0x27db0000)
   the space 27648K,  99% used [0x23db0000, 0x258aa5f0, 0x258aa600, 0x258b0000)
No shared spaces configured.
Event: 62.354 GC heap after
Heap after GC invocations=77 (full 4):
 def new generation   total 9792K, used 1024K [0x03db0000, 0x04840000, 0x0e850000)
  eden space 8768K,   0% used [0x03db0000, 0x03db0000, 0x04640000)
  from space 1024K, 100% used [0x04640000, 0x04740000, 0x04740000)
  to   space 1024K,   0% used [0x04740000, 0x04740000, 0x04840000)
 tenured generation   total 21488K, used 16049K [0x0e850000, 0x0fd4c000, 0x23db0000)
   the space 21488K,  74% used [0x0e850000, 0x0f7fc718, 0x0f7fc800, 0x0fd4c000)
 compacting perm gen  total 27648K, used 27625K [0x23db0000, 0x258b0000, 0x27db0000)
   the space 27648K,  99% used [0x23db0000, 0x258aa5f0, 0x258aa600, 0x258b0000)
No shared spaces configured.
}
Event: 62.875 GC heap before
{Heap before GC invocations=77 (full 4):
 def new generation   total 9792K, used 9792K [0x03db0000, 0x04840000, 0x0e850000)
  eden space 8768K, 100% used [0x03db0000, 0x04640000, 0x04640000)
  from space 1024K, 100% used [0x04640000, 0x04740000, 0x04740000)
  to   space 1024K,   0% used [0x04740000, 0x04740000, 0x04840000)
 tenured generation   total 21488K, used 16049K [0x0e850000, 0x0fd4c000, 0x23db0000)
   the space 21488K,  74% used [0x0e850000, 0x0f7fc718, 0x0f7fc800, 0x0fd4c000)
 compacting perm gen  total 28160K, used 28095K [0x23db0000, 0x25930000, 0x27db0000)
   the space 28160K,  99% used [0x23db0000, 0x2591ff80, 0x25920000, 0x25930000)
No shared spaces configured.
Event: 62.890 GC heap after
Heap after GC invocations=78 (full 4):
 def new generation   total 9792K, used 608K [0x03db0000, 0x04840000, 0x0e850000)
  eden space 8768K,   0% used [0x03db0000, 0x03db0000, 0x04640000)
  from space 1024K,  59% used [0x04740000, 0x047d8110, 0x04840000)
  to   space 1024K,   0% used [0x04640000, 0x04640000, 0x04740000)
 tenured generation   total 21488K, used 16851K [0x0e850000, 0x0fd4c000, 0x23db0000)
   the space 21488K,  78% used [0x0e850000, 0x0f8c4f78, 0x0f8c5000, 0x0fd4c000)
 compacting perm gen  total 28160K, used 28095K [0x23db0000, 0x25930000, 0x27db0000)
   the space 28160K,  99% used [0x23db0000, 0x2591ff80, 0x25920000, 0x25930000)
No shared spaces configured.
}
Event: 404.559 GC heap before
{Heap before GC invocations=78 (full 4):
 def new generation   total 9792K, used 9376K [0x03db0000, 0x04840000, 0x0e850000)
  eden space 8768K, 100% used [0x03db0000, 0x04640000, 0x04640000)
  from space 1024K,  59% used [0x04740000, 0x047d8110, 0x04840000)
  to   space 1024K,   0% used [0x04640000, 0x04640000, 0x04740000)
 tenured generation   total 21488K, used 16851K [0x0e850000, 0x0fd4c000, 0x23db0000)
   the space 21488K,  78% used [0x0e850000, 0x0f8c4f78, 0x0f8c5000, 0x0fd4c000)
 compacting perm gen  total 28416K, used 28308K [0x23db0000, 0x25970000, 0x27db0000)
   the space 28416K,  99% used [0x23db0000, 0x25955298, 0x25955400, 0x25970000)
No shared spaces configured.
Event: 404.565 GC heap after
Heap after GC invocations=79 (full 4):
 def new generation   total 9792K, used 530K [0x03db0000, 0x04840000, 0x0e850000)
  eden space 8768K,   0% used [0x03db0000, 0x03db0000, 0x04640000)
  from space 1024K,  51% used [0x04640000, 0x046c48a0, 0x04740000)
  to   space 1024K,   0% used [0x04740000, 0x04740000, 0x04840000)
 tenured generation   total 21488K, used 16922K [0x0e850000, 0x0fd4c000, 0x23db0000)
   the space 21488K,  78% used [0x0e850000, 0x0f8d6880, 0x0f8d6a00, 0x0fd4c000)
 compacting perm gen  total 28416K, used 28308K [0x23db0000, 0x25970000, 0x27db0000)
   the space 28416K,  99% used [0x23db0000, 0x25955298, 0x25955400, 0x25970000)
No shared spaces configured.
}

