# JRE version: 7.0_25-b17
# Java VM: Java HotSpot(TM) Client VM (23.25-b01 mixed mode windows-x86 )
Heap
 def new generation   total 13184K, used 9139K [0x04550000, 0x05390000, 0x0eff0000)
  eden space 11776K,  67% used [0x04550000, 0x04d13498, 0x050d0000)
  from space 1408K,  84% used [0x05230000, 0x05359b50, 0x05390000)
  to   space 1408K,   0% used [0x050d0000, 0x050d0000, 0x05230000)
 tenured generation   total 29096K, used 23419K [0x0eff0000, 0x10c5a000, 0x24550000)
   the space 29096K,  80% used [0x0eff0000, 0x106cee20, 0x106cf000, 0x10c5a000)
 compacting perm gen  total 28672K, used 28468K [0x24550000, 0x26150000, 0x28550000)
   the space 28672K,  99% used [0x24550000, 0x2611d360, 0x2611d400, 0x26150000)
GC Heap History (10 events):
Event: 78.141 GC heap before
{Heap before GC invocations=88 (full 4):
 def new generation   total 13184K, used 12012K [0x04550000, 0x05390000, 0x0eff0000)
  eden space 11776K, 100% used [0x04550000, 0x050d0000, 0x050d0000)
  from space 1408K,  16% used [0x050d0000, 0x0510b0b8, 0x05230000)
  to   space 1408K,   0% used [0x05230000, 0x05230000, 0x05390000)
 tenured generation   total 29096K, used 22898K [0x0eff0000, 0x10c5a000, 0x24550000)
   the space 29096K,  78% used [0x0eff0000, 0x1064c9b0, 0x1064ca00, 0x10c5a000)
 compacting perm gen  total 27392K, used 27382K [0x24550000, 0x26010000, 0x28550000)
   the space 27392K,  99% used [0x24550000, 0x2600dae0, 0x2600dc00, 0x26010000)
No shared spaces configured.
Event: 78.144 GC heap after
Heap after GC invocations=89 (full 4):
 def new generation   total 13184K, used 328K [0x04550000, 0x05390000, 0x0eff0000)
  eden space 11776K,   0% used [0x04550000, 0x04550000, 0x050d0000)
  from space 1408K,  23% used [0x05230000, 0x052820d0, 0x05390000)
  to   space 1408K,   0% used [0x050d0000, 0x050d0000, 0x05230000)
 tenured generation   total 29096K, used 22898K [0x0eff0000, 0x10c5a000, 0x24550000)
   the space 29096K,  78% used [0x0eff0000, 0x1064c9b0, 0x1064ca00, 0x10c5a000)
 compacting perm gen  total 27392K, used 27382K [0x24550000, 0x26010000, 0x28550000)
   the space 27392K,  99% used [0x24550000, 0x2600dae0, 0x2600dc00, 0x26010000)
No shared spaces configured.
}
Event: 78.415 GC heap before
{Heap before GC invocations=89 (full 4):
 def new generation   total 13184K, used 12096K [0x04550000, 0x05390000, 0x0eff0000)
  eden space 11776K,  99% used [0x04550000, 0x050ce250, 0x050d0000)
  from space 1408K,  23% used [0x05230000, 0x052820d0, 0x05390000)
  to   space 1408K,   0% used [0x050d0000, 0x050d0000, 0x05230000)
 tenured generation   total 29096K, used 22898K [0x0eff0000, 0x10c5a000, 0x24550000)
   the space 29096K,  78% used [0x0eff0000, 0x1064c9b0, 0x1064ca00, 0x10c5a000)
 compacting perm gen  total 27392K, used 27382K [0x24550000, 0x26010000, 0x28550000)
   the space 27392K,  99% used [0x24550000, 0x2600db80, 0x2600dc00, 0x26010000)
No shared spaces configured.
Event: 78.419 GC heap after
Heap after GC invocations=90 (full 4):
 def new generation   total 13184K, used 797K [0x04550000, 0x05390000, 0x0eff0000)
  eden space 11776K,   0% used [0x04550000, 0x04550000, 0x050d0000)
  from space 1408K,  56% used [0x050d0000, 0x05197748, 0x05230000)
  to   space 1408K,   0% used [0x05230000, 0x05230000, 0x05390000)
 tenured generation   total 29096K, used 22898K [0x0eff0000, 0x10c5a000, 0x24550000)
   the space 29096K,  78% used [0x0eff0000, 0x1064c9b0, 0x1064ca00, 0x10c5a000)
 compacting perm gen  total 27392K, used 27382K [0x24550000, 0x26010000, 0x28550000)
   the space 27392K,  99% used [0x24550000, 0x2600db80, 0x2600dc00, 0x26010000)
No shared spaces configured.
}
Event: 78.753 GC heap before
{Heap before GC invocations=90 (full 4):
 def new generation   total 13184K, used 12573K [0x04550000, 0x05390000, 0x0eff0000)
  eden space 11776K, 100% used [0x04550000, 0x050d0000, 0x050d0000)
  from space 1408K,  56% used [0x050d0000, 0x05197748, 0x05230000)
  to   space 1408K,   0% used [0x05230000, 0x05230000, 0x05390000)
 tenured generation   total 29096K, used 22898K [0x0eff0000, 0x10c5a000, 0x24550000)
   the space 29096K,  78% used [0x0eff0000, 0x1064c9b0, 0x1064ca00, 0x10c5a000)
 compacting perm gen  total 27392K, used 27383K [0x24550000, 0x26010000, 0x28550000)
   the space 27392K,  99% used [0x24550000, 0x2600dd18, 0x2600de00, 0x26010000)
No shared spaces configured.
Event: 78.759 GC heap after
Heap after GC invocations=91 (full 4):
 def new generation   total 13184K, used 1408K [0x04550000, 0x05390000, 0x0eff0000)
  eden space 11776K,   0% used [0x04550000, 0x04550000, 0x050d0000)
  from space 1408K, 100% used [0x05230000, 0x05390000, 0x05390000)
  to   space 1408K,   0% used [0x050d0000, 0x050d0000, 0x05230000)
 tenured generation   total 29096K, used 23206K [0x0eff0000, 0x10c5a000, 0x24550000)
   the space 29096K,  79% used [0x0eff0000, 0x10699b30, 0x10699c00, 0x10c5a000)
 compacting perm gen  total 27392K, used 27383K [0x24550000, 0x26010000, 0x28550000)
   the space 27392K,  99% used [0x24550000, 0x2600dd18, 0x2600de00, 0x26010000)
No shared spaces configured.
}
Event: 241.065 GC heap before
{Heap before GC invocations=91 (full 4):
 def new generation   total 13184K, used 13184K [0x04550000, 0x05390000, 0x0eff0000)
  eden space 11776K, 100% used [0x04550000, 0x050d0000, 0x050d0000)
  from space 1408K, 100% used [0x05230000, 0x05390000, 0x05390000)
  to   space 1408K,   0% used [0x050d0000, 0x050d0000, 0x05230000)
 tenured generation   total 29096K, used 23206K [0x0eff0000, 0x10c5a000, 0x24550000)
   the space 29096K,  79% used [0x0eff0000, 0x10699b30, 0x10699c00, 0x10c5a000)
 compacting perm gen  total 27648K, used 27545K [0x24550000, 0x26050000, 0x28550000)
   the space 27648K,  99% used [0x24550000, 0x260365b0, 0x26036600, 0x26050000)
No shared spaces configured.
Event: 241.070 GC heap after
Heap after GC invocations=92 (full 4):
 def new generation   total 13184K, used 424K [0x04550000, 0x05390000, 0x0eff0000)
  eden space 11776K,   0% used [0x04550000, 0x04550000, 0x050d0000)
  from space 1408K,  30% used [0x050d0000, 0x0513a198, 0x05230000)
  to   space 1408K,   0% used [0x05230000, 0x05230000, 0x05390000)
 tenured generation   total 29096K, used 23419K [0x0eff0000, 0x10c5a000, 0x24550000)
   the space 29096K,  80% used [0x0eff0000, 0x106cee20, 0x106cf000, 0x10c5a000)
 compacting perm gen  total 27648K, used 27545K [0x24550000, 0x26050000, 0x28550000)
   the space 27648K,  99% used [0x24550000, 0x260365b0, 0x26036600, 0x26050000)
No shared spaces configured.
}
Event: 267.735 GC heap before
{Heap before GC invocations=92 (full 4):
 def new generation   total 13184K, used 12200K [0x04550000, 0x05390000, 0x0eff0000)
  eden space 11776K, 100% used [0x04550000, 0x050d0000, 0x050d0000)
  from space 1408K,  30% used [0x050d0000, 0x0513a198, 0x05230000)
  to   space 1408K,   0% used [0x05230000, 0x05230000, 0x05390000)
 tenured generation   total 29096K, used 23419K [0x0eff0000, 0x10c5a000, 0x24550000)
   the space 29096K,  80% used [0x0eff0000, 0x106cee20, 0x106cf000, 0x10c5a000)
 compacting perm gen  total 28416K, used 28214K [0x24550000, 0x26110000, 0x28550000)
   the space 28416K,  99% used [0x24550000, 0x260ddb68, 0x260ddc00, 0x26110000)
No shared spaces configured.
Event: 267.740 GC heap after
Heap after GC invocations=93 (full 4):
 def new generation   total 13184K, used 1190K [0x04550000, 0x05390000, 0x0eff0000)
  eden space 11776K,   0% used [0x04550000, 0x04550000, 0x050d0000)
  from space 1408K,  84% used [0x05230000, 0x05359b50, 0x05390000)
  to   space 1408K,   0% used [0x050d0000, 0x050d0000, 0x05230000)
 tenured generation   total 29096K, used 23419K [0x0eff0000, 0x10c5a000, 0x24550000)
   the space 29096K,  80% used [0x0eff0000, 0x106cee20, 0x106cf000, 0x10c5a000)
 compacting perm gen  total 28416K, used 28214K [0x24550000, 0x26110000, 0x28550000)
   the space 28416K,  99% used [0x24550000, 0x260ddb68, 0x260ddc00, 0x26110000)
No shared spaces configured.
}

